#
# There is insufficient memory for the Java Runtime Environment to continue.
# Native memory allocation (mmap) failed to map 130023424 bytes for G1 virtual space
# Possible reasons:
#   The system is out of physical RAM or swap space
#   The process is running with CompressedOops enabled, and the Java Heap may be blocking the growth of the native heap
# Possible solutions:
#   Reduce memory load on the system
#   Increase physical memory or swap space
#   Check if swap backing store is full
#   Decrease Java heap size (-Xmx/-Xms)
#   Decrease number of Java threads
#   Decrease Java thread stack sizes (-Xss)
#   Set larger code cache with -XX:ReservedCodeCacheSize=
#   JVM is running with Unscaled Compressed Oops mode in which the Java heap is
#     placed in the first 4GB address space. The Java Heap base address is the
#     maximum limit for the native heap growth. Please use -XX:HeapBaseMinAddress
#     to set the Java Heap base and to place the Java Heap above 4GB virtual address.
# This output file may be truncated or incomplete.
#
#  Out of Memory Error (os_windows.cpp:3528), pid=24308, tid=26352
#
# JRE version:  (20.0.2+9) (build )
# Java VM: Java HotSpot(TM) 64-Bit Server VM (20.0.2+9-78, mixed mode, sharing, tiered, compressed oops, compressed class ptrs, g1 gc, windows-amd64)
# No core dump will be written. Minidumps are not enabled by default on client versions of Windows
#

---------------  S U M M A R Y ------------

Command Line: -Dfile.encoding=UTF-8 --module-path=C:\Program Files (x86)\MySQL\Connector J 8.0\mysql-connector-j-8.0.33.jar -XX:+ShowCodeDetailsInExceptionMessages hotel.management.system.AddEmployee

Host: 11th Gen Intel(R) Core(TM) i5-11400H @ 2.70GHz, 12 cores, 7G,  Windows 11 , 64 bit Build 22621 (10.0.22621.2428)
Time: Sat Oct 21 16:07:06 2023 India Standard Time elapsed time: 0.009611 seconds (0d 0h 0m 0s)

---------------  T H R E A D  ---------------

Current thread (0x00000239def97020):  JavaThread "Unknown thread" [_thread_in_vm, id=26352, stack(0x00000089ccf00000,0x00000089cd000000)]

Stack: [0x00000089ccf00000,0x00000089cd000000]
Native frames: (J=compiled Java code, j=interpreted, Vv=VM code, C=native code)
V  [jvm.dll+0x6bc25a]
V  [jvm.dll+0x84971a]
V  [jvm.dll+0x84b315]
V  [jvm.dll+0x84ba13]
V  [jvm.dll+0x280e4f]
V  [jvm.dll+0x6b8fe9]
V  [jvm.dll+0x6adbca]
V  [jvm.dll+0x35b165]
V  [jvm.dll+0x363386]
V  [jvm.dll+0x3b400e]
V  [jvm.dll+0x3b4295]
V  [jvm.dll+0x32b86a]
V  [jvm.dll+0x32c68b]
V  [jvm.dll+0x8123df]
V  [jvm.dll+0x3c1261]
V  [jvm.dll+0x7fe103]
V  [jvm.dll+0x44ccaf]
V  [jvm.dll+0x44e621]
C  [jli.dll+0x5287]
C  [ucrtbase.dll+0x29363]
C  [KERNEL32.DLL+0x1257d]
C  [ntdll.dll+0x5aa78]


---------------  P R O C E S S  ---------------

Threads class SMR info:
_java_thread_list=0x00007fffcdc8b118, length=0, elements={
}

Java Threads: ( => current thread )

Other Threads:
  0x00000239deff7920 WorkerThread "GC Thread#0" [stack: 0x00000089cd000000,0x00000089cd100000] [id=25848]
  0x00000239df008e10 ConcurrentGCThread "G1 Main Marker" [stack: 0x00000089cd100000,0x00000089cd200000] [id=21040]
  0x00000239df00a090 WorkerThread "G1 Conc#0" [stack: 0x00000089cd200000,0x00000089cd300000] [id=26492]

[error occurred during error reporting (printing all threads), id 0xc0000005, EXCEPTION_ACCESS_VIOLATION (0xc0000005) at pc=0x00007fffcd46eea7]
VM state: not at safepoint (not fully initialized)

VM Mutex/Monitor currently owned by a thread:  ([mutex/lock_event])
[0x00000239def936e0] Heap_lock - owner thread: 0x00000239def97020

Heap address: 0x0000000084a00000, size: 1974 MB, Compressed Oops mode: 32-bit

CDS archive(s) mapped at: [0x0000000000000000-0x0000000000000000-0x0000000000000000), size 0, SharedBaseAddress: 0x0000000800000000, ArchiveRelocationMode: 1.
Narrow klass base: 0x0000000000000000, Narrow klass shift: 0, Narrow klass range: 0x0

GC Precious Log:
 CardTable entry size: 512
 Card Set container configuration: InlinePtr #cards 5 size 8 Array Of Cards #cards 12 size 40 Howl #buckets 4 coarsen threshold 1843 Howl Bitmap #cards 512 size 80 coarsen threshold 460 Card regions per heap region 1 cards per card region 2048

Heap:
 garbage-first heap   total 0K, used 0K [0x0000000084a00000, 0x0000000100000000)
  region size 1024K, 0 young (0K), 0 survivors (0K)

[error occurred during error reporting (printing heap information), id 0xc0000005, EXCEPTION_ACCESS_VIOLATION (0xc0000005) at pc=0x00007fffcd8447b9]
GC Heap History (0 events):
No events

Dll operation events (1 events):
Event: 0.006 Loaded shared library C:\Program Files\Java\jdk-20\bin\java.dll

Deoptimization events (0 events):
No events

Classes loaded (0 events):
No events

Classes unloaded (0 events):
No events

Classes redefined (0 events):
No events

Internal exceptions (0 events):
No events

VM Operations (0 events):
No events

Events (0 events):
No events


Dynamic libraries:
0x00007ff71b140000 - 0x00007ff71b150000 	C:\Program Files\Java\jdk-20\bin\javaw.exe
0x00007ff83aa30000 - 0x00007ff83ac47000 	C:\WINDOWS\SYSTEM32\ntdll.dll
0x00007ff83a5f0000 - 0x00007ff83a6b4000 	C:\WINDOWS\System32\KERNEL32.DLL
0x00007ff838090000 - 0x00007ff838436000 	C:\WINDOWS\System32\KERNELBASE.dll
0x00007ff837f70000 - 0x00007ff838081000 	C:\WINDOWS\System32\ucrtbase.dll
0x00007ff824cf0000 - 0x00007ff824d0b000 	C:\Program Files\Java\jdk-20\bin\VCRUNTIME140.dll
0x00007ff824cd0000 - 0x00007ff824ce9000 	C:\Program Files\Java\jdk-20\bin\jli.dll
0x00007ff838f60000 - 0x00007ff839010000 	C:\WINDOWS\System32\ADVAPI32.dll
0x00007ff8399d0000 - 0x00007ff839a77000 	C:\WINDOWS\System32\msvcrt.dll
0x00007ff83a3f0000 - 0x00007ff83a496000 	C:\WINDOWS\System32\sechost.dll
0x00007ff83a8d0000 - 0x00007ff83a9e7000 	C:\WINDOWS\System32\RPCRT4.dll
0x00007ff838a20000 - 0x00007ff838bcd000 	C:\WINDOWS\System32\USER32.dll
0x00007ff837ed0000 - 0x00007ff837ef6000 	C:\WINDOWS\System32\win32u.dll
0x00007ff815530000 - 0x00007ff8157c3000 	C:\WINDOWS\WinSxS\amd64_microsoft.windows.common-controls_6595b64144ccf1df_6.0.22621.2361_none_2712ced57382f843\COMCTL32.dll
0x00007ff83a1a0000 - 0x00007ff83a1c9000 	C:\WINDOWS\System32\GDI32.dll
0x00007ff837db0000 - 0x00007ff837ec8000 	C:\WINDOWS\System32\gdi32full.dll
0x00007ff8384c0000 - 0x00007ff83855a000 	C:\WINDOWS\System32\msvcp_win.dll
0x00007ff831c20000 - 0x00007ff831c2a000 	C:\WINDOWS\SYSTEM32\VERSION.dll
0x00007ff8388c0000 - 0x00007ff8388f1000 	C:\WINDOWS\System32\IMM32.DLL
0x00007ff829d60000 - 0x00007ff829d6c000 	C:\Program Files\Java\jdk-20\bin\vcruntime140_1.dll
0x00007ff824c40000 - 0x00007ff824cce000 	C:\Program Files\Java\jdk-20\bin\msvcp140.dll
0x00007fffcd130000 - 0x00007fffcddc8000 	C:\Program Files\Java\jdk-20\bin\server\jvm.dll
0x00007ff82b510000 - 0x00007ff82b544000 	C:\WINDOWS\SYSTEM32\WINMM.dll
0x00007ff834ae0000 - 0x00007ff834ae9000 	C:\WINDOWS\SYSTEM32\WSOCK32.dll
0x00007ff83a370000 - 0x00007ff83a3e1000 	C:\WINDOWS\System32\WS2_32.dll
0x00007ff836d50000 - 0x00007ff836d68000 	C:\WINDOWS\SYSTEM32\kernel.appcore.dll
0x00007ff82a8f0000 - 0x00007ff82a8fa000 	C:\Program Files\Java\jdk-20\bin\jimage.dll
0x00007ff8356c0000 - 0x00007ff8358ee000 	C:\WINDOWS\SYSTEM32\DBGHELP.DLL
0x00007ff838bd0000 - 0x00007ff838f5a000 	C:\WINDOWS\System32\combase.dll
0x00007ff83a6f0000 - 0x00007ff83a7c7000 	C:\WINDOWS\System32\OLEAUT32.dll
0x00007ff8285d0000 - 0x00007ff828602000 	C:\WINDOWS\SYSTEM32\dbgcore.DLL
0x00007ff838440000 - 0x00007ff8384ba000 	C:\WINDOWS\System32\bcryptPrimitives.dll
0x00007ff81aca0000 - 0x00007ff81acc6000 	C:\Program Files\Java\jdk-20\bin\java.dll

dbghelp: loaded successfully - version: 4.0.5 - missing functions: none
symbol engine: initialized successfully - sym options: 0x614 - pdb path: .;C:\Program Files\Java\jdk-20\bin;C:\WINDOWS\SYSTEM32;C:\WINDOWS\WinSxS\amd64_microsoft.windows.common-controls_6595b64144ccf1df_6.0.22621.2361_none_2712ced57382f843;C:\Program Files\Java\jdk-20\bin\server

VM Arguments:
jvm_args: -Dfile.encoding=UTF-8 --module-path=C:\Program Files (x86)\MySQL\Connector J 8.0\mysql-connector-j-8.0.33.jar -XX:+ShowCodeDetailsInExceptionMessages 
java_command: hotel.management.system.AddEmployee
java_class_path (initial): C:\Users\Vivek Patel\eclipse-workspace\Hotel_Management_System\bin
Launcher Type: SUN_STANDARD

[Global flags]
     intx CICompilerCount                          = 4                                         {product} {ergonomic}
     uint ConcGCThreads                            = 3                                         {product} {ergonomic}
     uint G1ConcRefinementThreads                  = 10                                        {product} {ergonomic}
   size_t G1HeapRegionSize                         = 1048576                                   {product} {ergonomic}
    uintx GCDrainStackTargetSize                   = 64                                        {product} {ergonomic}
   size_t InitialHeapSize                          = 130023424                                 {product} {ergonomic}
   size_t MarkStackSize                            = 4194304                                   {product} {ergonomic}
   size_t MaxHeapSize                              = 2069889024                                {product} {ergonomic}
   size_t MinHeapDeltaBytes                        = 1048576                                   {product} {ergonomic}
   size_t MinHeapSize                              = 8388608                                   {product} {ergonomic}
    uintx NonNMethodCodeHeapSize                   = 5839372                                {pd product} {ergonomic}
    uintx NonProfiledCodeHeapSize                  = 122909434                              {pd product} {ergonomic}
    uintx ProfiledCodeHeapSize                     = 122909434                              {pd product} {ergonomic}
    uintx ReservedCodeCacheSize                    = 251658240                              {pd product} {ergonomic}
     bool SegmentedCodeCache                       = true                                      {product} {ergonomic}
     bool ShowCodeDetailsInExceptionMessages       = true                                   {manageable} {command line}
   size_t SoftMaxHeapSize                          = 2069889024                             {manageable} {ergonomic}
     bool UseCompressedClassPointers               = true                           {product lp64_product} {ergonomic}
     bool UseCompressedOops                        = true                           {product lp64_product} {ergonomic}
     bool UseG1GC                                  = true                                      {product} {ergonomic}
     bool UseLargePagesIndividualAllocation        = false                                  {pd product} {ergonomic}

Logging:
Log output configuration:
 #0: stdout all=warning uptime,level,tags foldmultilines=false
 #1: stderr all=off uptime,level,tags foldmultilines=false

Environment Variables:
PATH=C:\Program Files\Common Files\Oracle\Java\javapath;C:\Windows\system32;C:\Windows;C:\Windows\System32\Wbem;C:\Windows\System32\WindowsPowerShell\v1.0\;C:\Windows\System32\OpenSSH\;C:\Program Files (x86)\NVIDIA Corporation\PhysX\Common;C:\Program Files\NVIDIA Corporation\NVIDIA NvDLISR;C:\msys64\mingw64\bin;C:\WINDOWS\system32;C:\WINDOWS;C:\WINDOWS\System32\Wbem;C:\WINDOWS\System32\WindowsPowerShell\v1.0\;C:\WINDOWS\System32\OpenSSH\;C:\Program Files\MySQL\MySQL Server 8.0\bin;C:\Program Files\Docker\Docker\resources\bin;C:\Program Files\Java\jdk-20\bin;C:\Program Files\MySQL\MySQL Server 8.0\bin;C:\Program Files\Git\cmd;E:\Setups\apache-maven-3.9.5-bin\apache-maven-3.9.5\bin;%CATALINA_HOME%\bin;C:\Program Files\MySQL\MySQL Shell 8.0\bin\;C:\Users\Vivek Patel\AppData\Local\Microsoft\WindowsApps;;C:\Users\Vivek Patel\AppData\Local\Programs\Microsoft VS Code\bin;C:\Program Files\JetBrains\IntelliJ IDEA 2023.2.1\bin;
USERNAME=Vivek Patel
OS=Windows_NT
PROCESSOR_IDENTIFIER=Intel64 Family 6 Model 141 Stepping 1, GenuineIntel
TMP=C:\Users\VIVEKP~1\AppData\Local\Temp
TEMP=C:\Users\VIVEKP~1\AppData\Local\Temp




---------------  S Y S T E M  ---------------

OS:
 Windows 11 , 64 bit Build 22621 (10.0.22621.2428)
OS uptime: 2 days 22:15 hours
Hyper-V role detected

CPU: total 12 (initial active 12) (6 cores per cpu, 2 threads per core) family 6 model 141 stepping 1 microcode 0x26, cx8, cmov, fxsr, ht, mmx, 3dnowpref, sse, sse2, sse3, ssse3, sse4.1, sse4.2, popcnt, lzcnt, tsc, tscinvbit, avx, avx2, aes, erms, clmul, bmi1, bmi2, adx, avx512f, avx512dq, avx512cd, avx512bw, avx512vl, sha, fma, vzeroupper, avx512_vpopcntdq, avx512_vpclmulqdq, avx512_vaes, avx512_vnni, clflush, clflushopt, clwb, avx512_vbmi2, avx512_vbmi, hv, rdtscp, rdpid, fsrm, gfni, avx512_bitalg, f16c, cet_ibt, cet_ss, avx512_ifma

Memory: 4k page, system-wide physical 7893M (391M free)
TotalPageFile size 32469M (AvailPageFile size 67M)
current process WorkingSet (physical memory assigned to process): 11M, peak: 11M
current process commit charge ("private bytes"): 64M, peak: 188M

vm_info: Java HotSpot(TM) 64-Bit Server VM (20.0.2+9-78) for windows-amd64 JRE (20.0.2+9-78), built on 2023-06-14T10:08:48Z by "mach5one" with MS VC++ 17.1 (VS2022)

END.
